Flow report for ELEX7660-TermProject
Tue Apr 11 13:48:23 2023
Quartus Prime Version 18.1.0 Build 625 09/12/2018 SJ Lite Edition


---------------------
; Table of Contents ;
---------------------
  1. Legal Notice
  2. Flow Summary
  3. Flow Settings
  4. Flow Non-Default Global Settings
  5. Flow Elapsed Time
  6. Flow OS Summary
  7. Flow Log
  8. Flow Messages
  9. Flow Suppressed Messages



----------------
; Legal Notice ;
----------------
Copyright (C) 2018  Intel Corporation. All rights reserved.
Your use of Intel Corporation's design tools, logic functions 
and other software and tools, and its AMPP partner logic 
functions, and any output files from any of the foregoing 
(including device programming or simulation files), and any 
associated documentation or information are expressly subject 
to the terms and conditions of the Intel Program License 
Subscription Agreement, the Intel Quartus Prime License Agreement,
the Intel FPGA IP License Agreement, or other applicable license
agreement, including, without limitation, that your use is for
the sole purpose of programming logic devices manufactured by
Intel and sold by Intel or its authorized distributors.  Please
refer to the applicable agreement for further details.



+-------------------------------------------------------------------------------+
; Flow Summary                                                                  ;
+---------------------------------+---------------------------------------------+
; Flow Status                     ; Successful - Tue Apr 11 13:48:05 2023       ;
; Quartus Prime Version           ; 18.1.0 Build 625 09/12/2018 SJ Lite Edition ;
; Revision Name                   ; ELEX7660-TermProject                        ;
; Top-level Entity Name           ; ELEX7660_TermProject                        ;
; Family                          ; Cyclone V                                   ;
; Device                          ; 5CSEMA4U23C6                                ;
; Timing Models                   ; Final                                       ;
; Logic utilization (in ALMs)     ; 2,060 / 15,880 ( 13 % )                     ;
; Total registers                 ; 4015                                        ;
; Total pins                      ; 36 / 314 ( 11 % )                           ;
; Total virtual pins              ; 0                                           ;
; Total block memory bits         ; 2,040 / 2,764,800 ( < 1 % )                 ;
; Total DSP Blocks                ; 22 / 84 ( 26 % )                            ;
; Total HSSI RX PCSs              ; 0                                           ;
; Total HSSI PMA RX Deserializers ; 0                                           ;
; Total HSSI TX PCSs              ; 0                                           ;
; Total HSSI PMA TX Serializers   ; 0                                           ;
; Total PLLs                      ; 1 / 5 ( 20 % )                              ;
; Total DLLs                      ; 0 / 4 ( 0 % )                               ;
+---------------------------------+---------------------------------------------+


+------------------------------------------+
; Flow Settings                            ;
+-------------------+----------------------+
; Option            ; Setting              ;
+-------------------+----------------------+
; Start date & time ; 04/11/2023 13:25:36  ;
; Main task         ; Compilation          ;
; Revision Name     ; ELEX7660-TermProject ;
+-------------------+----------------------+


+--------------------------------------------------------------------------------------------------------------------------------------------------------+
; Flow Non-Default Global Settings                                                                                                                       ;
+-------------------------------------+-------------------------------------------------------+----------------------+----------------------+------------+
; Assignment Name                     ; Value                                                 ; Default Value        ; Entity Name          ; Section Id ;
+-------------------------------------+-------------------------------------------------------+----------------------+----------------------+------------+
; COMPILER_SIGNATURE_ID               ; 84531185080963.168124473606272                        ; --                   ; --                   ; --         ;
; MAX_CORE_JUNCTION_TEMP              ; 85                                                    ; --                   ; --                   ; --         ;
; MESSAGE_DISABLE                     ; 270007                                                ; --                   ; fft_fft_ii_0         ; --         ;
; MIN_CORE_JUNCTION_TEMP              ; 0                                                     ; --                   ; --                   ; --         ;
; MISC_FILE                           ; fft/synthesis/../fft.cmp                              ; --                   ; --                   ; --         ;
; MISC_FILE                           ; fft/synthesis/../../fft.qsys                          ; --                   ; --                   ; --         ;
; PARTITION_COLOR                     ; -- (Not supported for targeted family)                ; --                   ; ELEX7660_TermProject ; Top        ;
; PARTITION_FITTER_PRESERVATION_LEVEL ; -- (Not supported for targeted family)                ; --                   ; ELEX7660_TermProject ; Top        ;
; PARTITION_NETLIST_TYPE              ; -- (Not supported for targeted family)                ; --                   ; ELEX7660_TermProject ; Top        ;
; POWER_BOARD_THERMAL_MODEL           ; None (CONSERVATIVE)                                   ; --                   ; --                   ; --         ;
; POWER_PRESET_COOLING_SOLUTION       ; 23 MM HEAT SINK WITH 200 LFPM AIRFLOW                 ; --                   ; --                   ; --         ;
; PROJECT_OUTPUT_DIRECTORY            ; output_files                                          ; --                   ; --                   ; --         ;
; SLD_FILE                            ; fft/synthesis/fft.debuginfo                           ; --                   ; --                   ; --         ;
; SLD_INFO                            ; QSYS_NAME fft HAS_SOPCINFO 1 GENERATION_ID 1681229981 ; --                   ; fft                  ; --         ;
; SOPCINFO_FILE                       ; fft/synthesis/../../fft.sopcinfo                      ; --                   ; --                   ; --         ;
; SYNTHESIS_ONLY_QIP                  ; On                                                    ; --                   ; --                   ; --         ;
; TOP_LEVEL_ENTITY                    ; ELEX7660_TermProject                                  ; ELEX7660-TermProject ; --                   ; --         ;
+-------------------------------------+-------------------------------------------------------+----------------------+----------------------+------------+


+--------------------------------------------------------------------------------------------------------------------------+
; Flow Elapsed Time                                                                                                        ;
+----------------------+--------------+-------------------------+---------------------+------------------------------------+
; Module Name          ; Elapsed Time ; Average Processors Used ; Peak Virtual Memory ; Total CPU Time (on all processors) ;
+----------------------+--------------+-------------------------+---------------------+------------------------------------+
; Analysis & Synthesis ; 00:01:06     ; 1.0                     ; 5005 MB             ; 00:00:48                           ;
; Fitter               ; 00:01:26     ; 1.3                     ; 6531 MB             ; 00:01:39                           ;
; Assembler            ; 00:19:47     ; 1.0                     ; 4874 MB             ; 00:00:08                           ;
; Timing Analyzer      ; 00:00:16     ; 2.1                     ; 5217 MB             ; 00:00:17                           ;
; Total                ; 00:22:35     ; --                      ; --                  ; 00:02:52                           ;
+----------------------+--------------+-------------------------+---------------------+------------------------------------+


+------------------------------------------------------------------------------------+
; Flow OS Summary                                                                    ;
+----------------------+------------------+------------+------------+----------------+
; Module Name          ; Machine Hostname ; OS Name    ; OS Version ; Processor type ;
+----------------------+------------------+------------+------------+----------------+
; Analysis & Synthesis ; Garnett-Laptop   ; Windows 10 ; 10.0       ; x86_64         ;
; Fitter               ; Garnett-Laptop   ; Windows 10 ; 10.0       ; x86_64         ;
; Assembler            ; Garnett-Laptop   ; Windows 10 ; 10.0       ; x86_64         ;
; Timing Analyzer      ; Garnett-Laptop   ; Windows 10 ; 10.0       ; x86_64         ;
+----------------------+------------------+------------+------------+----------------+


------------
; Flow Log ;
------------
quartus_map --read_settings_files=on --write_settings_files=off ELEX7660-TermProject -c ELEX7660-TermProject
quartus_fit --read_settings_files=off --write_settings_files=off ELEX7660-TermProject -c ELEX7660-TermProject
quartus_asm --read_settings_files=off --write_settings_files=off ELEX7660-TermProject -c ELEX7660-TermProject
quartus_sta ELEX7660-TermProject -c ELEX7660-TermProject



