Assembler report for ELEX7660-TermProject
Thu Apr 13 18:51:20 2023
Quartus Prime Version 18.1.0 Build 625 09/12/2018 SJ Lite Edition


---------------------
; Table of Contents ;
---------------------
  1. Legal Notice
  2. Assembler Summary
  3. Assembler Settings
  4. Assembler Encrypted IP Cores Summary
  5. Assembler Generated Files
  6. Assembler Device Options: C:/Users/Z-Gar/Documents/School/BENG - Level 6/7660 - Digital System Design/Project/output_files/ELEX7660-TermProject_time_limited.sof
  7. Assembler Messages



----------------
; Legal Notice ;
----------------
Copyright (C) 2018  Intel Corporation. All rights reserved.
Your use of Intel Corporation's design tools, logic functions 
and other software and tools, and its AMPP partner logic 
functions, and any output files from any of the foregoing 
(including device programming or simulation files), and any 
associated documentation or information are expressly subject 
to the terms and conditions of the Intel Program License 
Subscription Agreement, the Intel Quartus Prime License Agreement,
the Intel FPGA IP License Agreement, or other applicable license
agreement, including, without limitation, that your use is for
the sole purpose of programming logic devices manufactured by
Intel and sold by Intel or its authorized distributors.  Please
refer to the applicable agreement for further details.



+---------------------------------------------------------------+
; Assembler Summary                                             ;
+-----------------------+---------------------------------------+
; Assembler Status      ; Successful - Thu Apr 13 18:51:20 2023 ;
; Revision Name         ; ELEX7660-TermProject                  ;
; Top-level Entity Name ; ELEX7660_TermProject                  ;
; Family                ; Cyclone V                             ;
; Device                ; 5CSEMA4U23C6                          ;
+-----------------------+---------------------------------------+


+----------------------------------+
; Assembler Settings               ;
+--------+---------+---------------+
; Option ; Setting ; Default Value ;
+--------+---------+---------------+


+-------------------------------------------------+
; Assembler Encrypted IP Cores Summary            ;
+--------+------------------------+---------------+
; Vendor ; IP Core Name           ; License Type  ;
+--------+------------------------+---------------+
; Altera ; FFT/IFFT (6AF7 0034)   ; OpenCore Plus ;
; Altera ; Signal Tap (6AF7 BCE1) ; Licensed      ;
; Altera ; Signal Tap (6AF7 BCEC) ; Licensed      ;
+--------+------------------------+---------------+


+----------------------------------------------------------------------------------------------------------------------------------------+
; Assembler Generated Files                                                                                                              ;
+----------------------------------------------------------------------------------------------------------------------------------------+
; File Name                                                                                                                              ;
+----------------------------------------------------------------------------------------------------------------------------------------+
; C:/Users/Z-Gar/Documents/School/BENG - Level 6/7660 - Digital System Design/Project/output_files/ELEX7660-TermProject_time_limited.sof ;
+----------------------------------------------------------------------------------------------------------------------------------------+


+------------------------------------------------------------------------------------------------------------------------------------------------------------------+
; Assembler Device Options: C:/Users/Z-Gar/Documents/School/BENG - Level 6/7660 - Digital System Design/Project/output_files/ELEX7660-TermProject_time_limited.sof ;
+----------------+-------------------------------------------------------------------------------------------------------------------------------------------------+
; Option         ; Setting                                                                                                                                         ;
+----------------+-------------------------------------------------------------------------------------------------------------------------------------------------+
; JTAG usercode  ; 0x00C6FAB4                                                                                                                                      ;
; Checksum       ; 0x00C6FAB4                                                                                                                                      ;
+----------------+-------------------------------------------------------------------------------------------------------------------------------------------------+


+--------------------+
; Assembler Messages ;
+--------------------+
Info: *******************************************************************
Info: Running Quartus Prime Assembler
    Info: Version 18.1.0 Build 625 09/12/2018 SJ Lite Edition
    Info: Processing started: Thu Apr 13 18:51:13 2023
Info: Command: quartus_asm --read_settings_files=off --write_settings_files=off ELEX7660-TermProject -c ELEX7660-TermProject
Warning (18236): Number of processors has not been specified which may cause overloading on shared machines.  Set the global assignment NUM_PARALLEL_PROCESSORS in your QSF to an appropriate value for best performance.
Info (115030): Assembler is generating device programming files
Info (115017): Design contains a time-limited core -- only a single, time-limited programming file can be generated
Warning (210042): Can't convert time-limited SOF into POF, HEX File, TTF, or RBF
Info: Quartus Prime Assembler was successful. 0 errors, 2 warnings
    Info: Peak virtual memory: 4877 megabytes
    Info: Processing ended: Thu Apr 13 18:51:20 2023
    Info: Elapsed time: 00:00:07
    Info: Total CPU time (on all processors): 00:00:08


